6/25/2012 8:31:18 PM	This log contains information about the import schema operation into project 'Database' on computer 'SKYNET' by user 'DevLife'.
6/25/2012 8:31:19 PM	Import of database schema has started.
6/25/2012 8:31:38 PM	Gathering database options
6/25/2012 8:31:38 PM	Gathering users
6/25/2012 8:31:38 PM	Gathering roles
6/25/2012 8:31:38 PM	Gathering application roles
6/25/2012 8:31:38 PM	Gathering role memberships
6/25/2012 8:31:38 PM	Gathering filegroups
6/25/2012 8:31:38 PM	Gathering full-text catalogs
6/25/2012 8:31:38 PM	Gathering assemblies
6/25/2012 8:31:38 PM	Gathering certificates
6/25/2012 8:31:38 PM	Gathering asymmetric keys
6/25/2012 8:31:38 PM	Gathering symmetric keys
6/25/2012 8:31:38 PM	Gathering encrypted symmetric keys
6/25/2012 8:31:38 PM	Gathering schemas
6/25/2012 8:31:38 PM	Gathering XML schema collections
6/25/2012 8:31:38 PM	Gathering user-defined data types
6/25/2012 8:31:38 PM	Gathering user-defined types
6/25/2012 8:31:38 PM	Gathering table types
6/25/2012 8:31:38 PM	Gathering unique keys for table types
6/25/2012 8:31:38 PM	Gathering primary keys for table types
6/25/2012 8:31:38 PM	Gathering check constraints for table types
6/25/2012 8:31:38 PM	Gathering default constraints for table types
6/25/2012 8:31:38 PM	Gathering partition functions
6/25/2012 8:31:38 PM	Gathering partition schemes
6/25/2012 8:31:38 PM	Gathering functions
6/25/2012 8:31:38 PM	Gathering encrypted functions
6/25/2012 8:31:39 PM	Gathering aggregates
6/25/2012 8:31:39 PM	Gathering procedures
6/25/2012 8:31:39 PM	Gathering encrypted procedures
6/25/2012 8:31:39 PM	Gathering tables
6/25/2012 8:31:39 PM	Gathering primary keys
6/25/2012 8:31:39 PM	Gathering unique constraints
6/25/2012 8:31:39 PM	Gathering foreign keys
6/25/2012 8:31:39 PM	Gathering default constraints
6/25/2012 8:31:39 PM	Gathering check constraints
6/25/2012 8:31:39 PM	Gathering views
6/25/2012 8:31:39 PM	Gathering encrypted views
6/25/2012 8:31:39 PM	Gathering indexes
6/25/2012 8:31:39 PM	Gathering statistics
6/25/2012 8:31:39 PM	Gathering full-text index stoplists
6/25/2012 8:31:39 PM	Gathering search property lists
6/25/2012 8:31:39 PM	Gathering search properties
6/25/2012 8:31:39 PM	Gathering full-text indexes
6/25/2012 8:31:39 PM	Gathering column store indexes
6/25/2012 8:31:39 PM	Gathering spatial indexes
6/25/2012 8:31:39 PM	Gathering XML indexes
6/25/2012 8:31:39 PM	Gathering encrypted triggers
6/25/2012 8:31:39 PM	Gathering triggers
6/25/2012 8:31:40 PM	Gathering encrypted and clr ddl triggers
6/25/2012 8:31:40 PM	Gathering ddl triggers
6/25/2012 8:31:40 PM	Gathering synonyms
6/25/2012 8:31:40 PM	Gathering defaults
6/25/2012 8:31:40 PM	Gathering data constraint uddt bindings
6/25/2012 8:31:40 PM	Gathering rules
6/25/2012 8:31:40 PM	Gathering data constraint uddt bindings
6/25/2012 8:31:40 PM	Gathering message types
6/25/2012 8:31:40 PM	Gathering queues
6/25/2012 8:31:40 PM	Gathering contracts
6/25/2012 8:31:40 PM	Gathering services
6/25/2012 8:31:40 PM	Gathering event notifications
6/25/2012 8:31:40 PM	Gathering remote service bindings
6/25/2012 8:31:40 PM	Gathering broker priorities
6/25/2012 8:31:40 PM	Gathering signatures
6/25/2012 8:31:40 PM	Gathering data compression options
6/25/2012 8:31:40 PM	Gathering sequence types
6/25/2012 8:31:40 PM	Gathering extended properties
6/25/2012 8:31:40 PM	Scanning project for duplicate elements
6/25/2012 8:31:40 PM	Finished duplicate element processing
6/25/2012 8:31:41 PM	Finished importing database.
6/25/2012 8:31:41 PM	A summary of the import was saved to the following location: C:\Users\DevLife\Documents\Source\Git\sleepcanwait\EFEntityNameScrubberExtension\Database\Import Schema Logs\Database_20120626123118.log
6/25/2012 8:31:42 PM	Click Finish to continue...
